<?xml version="1.0" encoding="UTF-8"?>
<!-- Generated by org.testng.reporters.JUnitReportReporter -->
<testsuite hostname="DESKTOP-5BKKI8L" failures="0" tests="2" name="com.allianz.test.LoginTest" time="23.949" errors="0" timestamp="2024-04-22T23:53:18 PDT" skipped="0">
  <testcase classname="com.allianz.test.LoginTest" name="validLoginTest" time="10.827"/>
  <testcase classname="com.allianz.test.LoginTest" name="validLoginTest" time="13.122"/>
</testsuite> <!-- com.allianz.test.LoginTest -->
