<?xml version="1.0" encoding="UTF-8"?>
<!-- Generated by org.testng.reporters.JUnitReportReporter -->
<testsuite hostname="DESKTOP-5BKKI8L" failures="0" tests="2" name="com.allianz.test.LoginTest" time="45.890" errors="0" timestamp="2024-04-23T00:43:01 PDT" skipped="0">
  <testcase classname="com.allianz.test.LoginTest" name="invalidLoginTest" time="29.266"/>
  <testcase classname="com.allianz.test.LoginTest" name="invalidLoginTest" time="16.624"/>
</testsuite> <!-- com.allianz.test.LoginTest -->
