<?xml version="1.0" encoding="UTF-8"?>
<!-- Generated by org.testng.reporters.JUnitReportReporter -->
<testsuite hostname="DESKTOP-5BKKI8L" failures="0" tests="2" name="com.allianz.test.LoginUITest" time="31.756" errors="0" timestamp="2024-04-15T10:06:15 PDT" skipped="0">
  <testcase classname="com.allianz.test.LoginUITest" name="applicationTest" time="13.757"/>
  <testcase classname="com.allianz.test.LoginUITest" name="titleTest" time="17.999"/>
</testsuite> <!-- com.allianz.test.LoginUITest -->
