<?xml version="1.0" encoding="UTF-8"?>
<!-- Generated by org.testng.reporters.JUnitReportReporter -->
<testsuite hostname="DESKTOP-5BKKI8L" failures="0" tests="2" name="com.allianz.test.LoginTest" time="40.669" errors="0" timestamp="2024-04-25T03:39:15 PDT" skipped="0">
  <testcase classname="com.allianz.test.LoginTest" name="validLoginTest" time="19.293"/>
  <testcase classname="com.allianz.test.LoginTest" name="validLoginTest" time="21.376"/>
</testsuite> <!-- com.allianz.test.LoginTest -->
