<?xml version="1.0" encoding="UTF-8"?>
<!-- Generated by org.testng.reporters.JUnitReportReporter -->
<testsuite hostname="DESKTOP-5BKKI8L" failures="0" tests="1" name="com.allianz.test.LoginUITest" time="11.217" errors="0" timestamp="2024-05-15T01:14:56 PDT" skipped="0">
  <testcase classname="com.allianz.test.LoginUITest" name="applicationTest" time="11.217"/>
</testsuite> <!-- com.allianz.test.LoginUITest -->
