<?xml version="1.0" encoding="UTF-8"?>
<!-- Generated by org.testng.reporters.JUnitReportReporter -->
<testsuite hostname="DESKTOP-5BKKI8L" failures="0" tests="1" name="com.allianz.test.LoginUITest" time="17.644" errors="0" timestamp="2024-05-07T04:06:17 PDT" skipped="0">
  <testcase classname="com.allianz.test.LoginUITest" name="applicationTest" time="17.644"/>
</testsuite> <!-- com.allianz.test.LoginUITest -->
