<?xml version="1.0" encoding="UTF-8"?>
<!-- Generated by org.testng.reporters.JUnitReportReporter -->
<testsuite hostname="DESKTOP-5BKKI8L" failures="0" tests="2" name="com.allianz.test.LoginTest" time="27.539" errors="0" timestamp="2024-05-15T01:10:50 PDT" skipped="0">
  <testcase classname="com.allianz.test.LoginTest" name="invalidLoginTest" time="14.210"/>
  <testcase classname="com.allianz.test.LoginTest" name="invalidLoginTest" time="13.329"/>
</testsuite> <!-- com.allianz.test.LoginTest -->
