<?xml version="1.0" encoding="UTF-8"?>
<!-- Generated by org.testng.reporters.JUnitReportReporter -->
<testsuite hostname="DESKTOP-5BKKI8L" failures="0" tests="3" name="com.allianz.test.ZDemoTest" time="0.003" errors="0" timestamp="2024-05-15T01:18:12 PDT" skipped="0">
  <testcase classname="com.allianz.test.ZDemoTest" name="validTest" time="0.001"/>
  <testcase classname="com.allianz.test.ZDemoTest" name="validTest" time="0.001"/>
  <testcase classname="com.allianz.test.ZDemoTest" name="validTest" time="0.001"/>
</testsuite> <!-- com.allianz.test.ZDemoTest -->
